C:\Program Files (x86)\Microsoft Visual Studio\2017\Community\Common7\IDE\VC\VCTargets\Microsoft.CppBuild.targets(387,5): warning MSB8028: The intermediate directory (Release\) contains files shared from another project (Apocalypse.vcxproj, AYYWARE CSGO.vcxproj, DarkWare.vcxproj, Jihad.Lost.vcxproj).  This can lead to incorrect clean and rebuild behavior.
  Chams.cpp
  Controls.cpp
  CRC32.cpp
  DLLMain.cpp
  Dumping.cpp
  ESP.cpp
  GUI.cpp
  Hacks.cpp
  Hooks.cpp
  Interfaces.cpp
  LegitBot.cpp
  MathFunctions.cpp
  Menu.cpp
  MetaInfo.cpp
  MiscHacks.cpp
  NetVarManager.cpp
  NetVars.cpp
  Offsets.cpp
  ReflectiveLoader.cpp
  RenderManager.cpp
  SpoofedConvar.cpp
  tinyxml2.cpp
  UTIL Functions.cpp
  Utilities.cpp
  Visual.cpp
  Window.cpp
     Creating library D:\Software - Desktop\Cheats\fed0ra.cc xddd\Release\fed0ra.lib and object D:\Software - Desktop\Cheats\fed0ra.cc xddd\Release\fed0ra.exp
  AYYWARE CSGO.vcxproj -> D:\Software - Desktop\Cheats\fed0ra.cc xddd\Release\fed0ra.dll
  AYYWARE CSGO.vcxproj -> D:\Software - Desktop\Cheats\fed0ra.cc xddd\Release\fed0ra.pdb (Full PDB)
